{"level":"info","msg":"File event detected: d:\\Project\\GoOfficial\\GoEasyJson\\GoEasyJson.log  WRITE","time":"2025-11-08T16:54:55+08:00"}
{"level":"info","msg":"Current directory: d:\\Project\\GoOfficial\\GoEasyJson","time":"2025-11-08T16:54:56+08:00"}
{"level":"info","msg":"Scanning directory for JSON files...","time":"2025-11-08T16:54:56+08:00"}
{"level":"info","msg":"File event detected: d:\\Project\\GoOfficial\\GoEasyJson\\GoEasyJson.log  WRITE","time":"2025-11-08T16:55:01+08:00"}
{"level":"info","msg":"Logrus started....","time":"2025-11-08T16:55:36+08:00"}
{"level":"info","msg":"File watcher initialized, monitoring changes in current directory","time":"2025-11-08T16:55:39+08:00"}
{"level":"info","msg":"Current directory: d:\\Project\\GoOfficial\\GoEasyJson","time":"2025-11-08T16:55:39+08:00"}
{"level":"info","msg":"Scanning directory for JSON files...","time":"2025-11-08T16:55:39+08:00"}
{"level":"info","msg":"Adding new route: /logistics","time":"2025-11-08T16:55:39+08:00"}
{"level":"info","msg":"Adding new route: /telephone","time":"2025-11-08T16:55:39+08:00"}
{"level":"info","msg":"Adding new route: /test","time":"2025-11-08T16:55:39+08:00"}
{"level":"info","msg":"Adding new route: /test2","time":"2025-11-08T16:55:39+08:00"}
{"level":"info","msg":"Adding new route: /test3","time":"2025-11-08T16:55:39+08:00"}
{"level":"info","msg":"Adding new route: /test4","time":"2025-11-08T16:55:39+08:00"}
{"level":"info","msg":"Adding new route: /test5","time":"2025-11-08T16:55:39+08:00"}
{"level":"info","msg":"Adding new route: /address","time":"2025-11-08T16:55:39+08:00"}
{"level":"info","msg":"Starting server on port 2006...","time":"2025-11-08T16:55:39+08:00"}
{"level":"info","msg":"Access JSON files at http://localhost:2006/[filename-without-extension]","time":"2025-11-08T16:55:39+08:00"}
{"level":"info","msg":"Server will automatically update routes when JSON files are added/removed/modified","time":"2025-11-08T16:55:39+08:00"}
{"level":"info","msg":"The Json response route test.json was responsed success.","time":"2025-11-08T16:55:55+08:00"}
{"level":"info","msg":"Current directory: d:\\Project\\GoOfficial\\GoEasyJson","time":"2025-11-08T16:56:39+08:00"}
{"level":"info","msg":"Scanning directory for JSON files...","time":"2025-11-08T16:56:39+08:00"}
{"level":"info","msg":"File event detected: d:\\Project\\GoOfficial\\GoEasyJson\\GoEasyJson.log  WRITE","time":"2025-11-08T16:57:01+08:00"}
{"level":"info","msg":"File event detected: d:\\Project\\GoOfficial\\GoEasyJson\\test.json  WRITE","time":"2025-11-08T16:57:22+08:00"}
{"level":"info","msg":"File event detected: d:\\Project\\GoOfficial\\GoEasyJson\\test.json  WRITE","time":"2025-11-08T16:57:22+08:00"}
{"level":"info","msg":"Current directory: d:\\Project\\GoOfficial\\GoEasyJson","time":"2025-11-08T16:57:22+08:00"}
{"level":"info","msg":"Scanning directory for JSON files...","time":"2025-11-08T16:57:22+08:00"}
{"level":"info","msg":"Current directory: d:\\Project\\GoOfficial\\GoEasyJson","time":"2025-11-08T16:57:22+08:00"}
{"level":"info","msg":"Scanning directory for JSON files...","time":"2025-11-08T16:57:22+08:00"}
{"level":"info","msg":"The Json response route test.json was responsed success.","time":"2025-11-08T16:57:35+08:00"}
{"level":"info","msg":"Current directory: d:\\Project\\GoOfficial\\GoEasyJson","time":"2025-11-08T16:57:39+08:00"}
{"level":"info","msg":"Scanning directory for JSON files...","time":"2025-11-08T16:57:39+08:00"}
{"level":"info","msg":"File event detected: d:\\Project\\GoOfficial\\GoEasyJson\\GoEasyJson.log  WRITE","time":"2025-11-08T16:58:04+08:00"}
{"level":"info","msg":"File event detected: d:\\Project\\GoOfficial\\GoEasyJson\\GoEasyJson.log  WRITE","time":"2025-11-08T16:58:04+08:00"}
{"level":"info","msg":"Logrus started....","time":"2025-11-08T16:59:18+08:00"}
{"level":"info","msg":"File watcher initialized, monitoring changes in current directory","time":"2025-11-08T16:59:21+08:00"}
{"level":"info","msg":"Current directory: d:\\Project\\GoOfficial\\GoEasyJson","time":"2025-11-08T16:59:21+08:00"}
{"level":"info","msg":"Scanning directory for JSON files...","time":"2025-11-08T16:59:21+08:00"}
{"level":"info","msg":"Adding new route: /test5","time":"2025-11-08T16:59:21+08:00"}
{"level":"info","msg":"Adding new route: /address","time":"2025-11-08T16:59:21+08:00"}
{"level":"info","msg":"Adding new route: /logistics","time":"2025-11-08T16:59:21+08:00"}
{"level":"info","msg":"Adding new route0: /telephone","time":"2025-11-08T16:59:21+08:00"}
{"level":"info","msg":"Adding new route: /test","time":"2025-11-08T16:59:21+08:00"}
{"level":"info","msg":"Adding new route: /test2","time":"2025-11-08T16:59:21+08:00"}
{"level":"info","msg":"Adding new route: /test3","time":"2025-11-08T16:59:21+08:00"}
{"level":"info","msg":"Adding new route: /test4","time":"2025-11-08T16:59:21+08:00"}
{"level":"info","msg":"Starting server on port 8888...","time":"2025-11-08T16:59:21+08:00"}
{"level":"info","msg":"Access JSON files at http://localhost:8888/[filename-without-extension]","time":"2025-11-08T16:59:21+08:00"}
{"level":"info","msg":"Server will automatically update routes when JSON files are added/removed/modified","time":"2025-11-08T16:59:21+08:00"}
{"level":"info","msg":"The Json response route test.json was responsed success.","time":"2025-11-08T16:59:37+08:00"}
{"level":"info","msg":"File event detected: d:\\Project\\GoOfficial\\GoEasyJson\\GoEasyJson.log  WRITE","time":"2025-11-08T16:59:41+08:00"}
{"level":"info","msg":"File event detected: d:\\Project\\GoOfficial\\GoEasyJson\\main.go  WRITE","time":"2025-11-08T17:00:06+08:00"}
{"level":"info","msg":"File event detected: d:\\Project\\GoOfficial\\GoEasyJson\\main.go  WRITE","time":"2025-11-08T17:00:06+08:00"}
{"level":"info","msg":"File event detected: d:\\Project\\GoOfficial\\GoEasyJson\\main.go  WRITE","time":"2025-11-08T17:00:20+08:00"}
{"level":"info","msg":"File event detected: d:\\Project\\GoOfficial\\GoEasyJson\\main.go  WRITE","time":"2025-11-08T17:00:20+08:00"}
{"level":"info","msg":"Current directory: d:\\Project\\GoOfficial\\GoEasyJson","time":"2025-11-08T17:00:21+08:00"}
{"level":"info","msg":"Scanning directory for JSON files...","time":"2025-11-08T17:00:21+08:00"}
{"level":"info","msg":"File event detected: d:\\Project\\GoOfficial\\GoEasyJson\\main.go  WRITE","time":"2025-11-08T17:01:13+08:00"}
{"level":"info","msg":"File event detected: d:\\Project\\GoOfficial\\GoEasyJson\\main.go  WRITE","time":"2025-11-08T17:01:13+08:00"}
{"level":"info","msg":"Current directory: d:\\Project\\GoOfficial\\GoEasyJson","time":"2025-11-08T17:01:21+08:00"}
{"level":"info","msg":"Scanning directory for JSON files...","time":"2025-11-08T17:01:21+08:00"}
{"level":"info","msg":"Logrus started....","time":"2025-11-08T17:02:22+08:00"}
{"level":"info","msg":"File watcher initialized, monitoring changes in current directory","time":"2025-11-08T17:02:25+08:00"}
{"level":"info","msg":"Current directory: d:\\Project\\GoOfficial\\GoEasyJson","time":"2025-11-08T17:02:25+08:00"}
{"level":"info","msg":"Scanning directory for JSON files...","time":"2025-11-08T17:02:25+08:00"}
{"level":"info","msg":"Adding new route: /test","time":"2025-11-08T17:02:25+08:00"}
{"level":"info","msg":"Adding new route: /test2","time":"2025-11-08T17:02:25+08:00"}
{"level":"info","msg":"Adding new route: /test3","time":"2025-11-08T17:02:25+08:00"}
{"level":"info","msg":"Adding new route: /test4","time":"2025-11-08T17:02:25+08:00"}
{"level":"info","msg":"Adding new route: /test5","time":"2025-11-08T17:02:25+08:00"}
{"level":"info","msg":"Adding new route: /address","time":"2025-11-08T17:02:25+08:00"}
{"level":"info","msg":"Adding new route: /logistics","time":"2025-11-08T17:02:25+08:00"}
{"level":"info","msg":"Adding new route: /telephone","time":"2025-11-08T17:02:25+08:00"}
{"level":"info","msg":"Starting server on port 8888...","time":"2025-11-08T17:02:25+08:00"}
{"level":"info","msg":"Access JSON files at http://localhost:8888/[filename-without-extension]","time":"2025-11-08T17:02:25+08:00"}
{"level":"info","msg":"Server will automatically update routes when JSON files are added/removed/modified","time":"2025-11-08T17:02:25+08:00"}
{"level":"info","msg":"Logrus started....","time":"2025-11-08T17:03:33+08:00"}
{"level":"info","msg":"File watcher initialized, monitoring changes in current directory","time":"2025-11-08T17:03:36+08:00"}
{"level":"info","msg":"Current directory: d:\\Project\\GoOfficial\\GoEasyJson","time":"2025-11-08T17:03:36+08:00"}
{"level":"info","msg":"Scanning directory for JSON files...","time":"2025-11-08T17:03:36+08:00"}
{"level":"info","msg":"Adding new route: /test2","time":"2025-11-08T17:03:36+08:00"}
{"level":"info","msg":"Adding new route: /test3","time":"2025-11-08T17:03:36+08:00"}
{"level":"info","msg":"Adding new route: /test4","time":"2025-11-08T17:03:36+08:00"}
{"level":"info","msg":"Adding new route: /test5","time":"2025-11-08T17:03:36+08:00"}
{"level":"info","msg":"Adding new route: /address","time":"2025-11-08T17:03:36+08:00"}
{"level":"info","msg":"Adding new route: /logistics","time":"2025-11-08T17:03:36+08:00"}
{"level":"info","msg":"Adding new route: /telephone","time":"2025-11-08T17:03:36+08:00"}
{"level":"info","msg":"Adding new route: /test","time":"2025-11-08T17:03:36+08:00"}
{"level":"info","msg":"Starting server on port 8888...","time":"2025-11-08T17:03:36+08:00"}
{"level":"info","msg":"Access JSON files at http://localhost:8888/[filename-without-extension]","time":"2025-11-08T17:03:36+08:00"}
{"level":"info","msg":"Server will automatically update routes when JSON files are added/removed/modified","time":"2025-11-08T17:03:36+08:00"}
{"level":"info","msg":"Current directory: d:\\Project\\GoOfficial\\GoEasyJson","time":"2025-11-08T17:04:36+08:00"}
{"level":"info","msg":"Scanning directory for JSON files...","time":"2025-11-08T17:04:36+08:00"}
